<html>
<head>
<title>TestNG:  Test</title>
<link href="../testng.css" rel="stylesheet" type="text/css" />
<link href="../my-testng.css" rel="stylesheet" type="text/css" />

<style type="text/css">
.log { display: none;} 
.stack-trace { display: none;} 
</style>
<script type="text/javascript">
<!--
function flip(e) {
  current = e.style.display;
  if (current == 'block') {
    e.style.display = 'none';
    return 0;
  }
  else {
    e.style.display = 'block';
    return 1;
  }
}

function toggleBox(szDivId, elem, msg1, msg2)
{
  var res = -1;  if (document.getElementById) {
    res = flip(document.getElementById(szDivId));
  }
  else if (document.all) {
    // this is the way old msie versions work
    res = flip(document.all[szDivId]);
  }
  if(elem) {
    if(res == 0) elem.innerHTML = msg1; else elem.innerHTML = msg2;
  }

}

function toggleAllBoxes() {
  if (document.getElementsByTagName) {
    d = document.getElementsByTagName('div');
    for (i = 0; i < d.length; i++) {
      if (d[i].className == 'log') {
        flip(d[i]);
      }
    }
  }
}

// -->
</script>

</head>
<body>
<h2 align='center'>Test</h2><table border='1' align="center">
<tr>
<td>Tests passed/Failed/Skipped:</td><td>24/5/1</td>
</tr><tr>
<td>Started on:</td><td>Sat Sep 30 02:47:40 IST 2023</td>
</tr>
<tr><td>Total time:</td><td>11 seconds (11593 ms)</td>
</tr><tr>
<td>Included groups:</td><td></td>
</tr><tr>
<td>Excluded groups:</td><td></td>
</tr>
</table><p/>
<small><i>(Hover the method name to see the test class name)</i></small><p/>
<table width='100%' border='1' class='invocation-failed'>
<tr><td colspan='4' align='center'><b>FAILED TESTS</b></td></tr>
<tr><td><b>Test method</b></td>
<td><b>Attribute(s)</b></td>
<td width="30%"><b>Exception</b></td>
<td width="10%"><b>Time (seconds)</b></td>
<td><b>Instance</b></td>
</tr>
<tr>
<td title='TestNg.Assert.logo()'><b>logo</b><br>Test class: TestNg.Assert</td>
<td><div><pre>org.testng.TestNGException: 
Cannot inject @Test annotated Method [logo] with [class java.lang.String, class java.lang.String].
For more information on native dependency injection please refer to https://testng.org/doc/documentation-main.html#native-dependency-injection
	at java.base/java.util.concurrent.ThreadPoolExecutor.runWorker(ThreadPoolExecutor.java:1128)
	at java.base/java.util.concurrent.ThreadPoolExecutor$Worker.run(ThreadPoolExecutor.java:628)
	at java.base/java.lang.Thread.run(Thread.java:834)
... Removed 11 stack frames</pre></div><a href='#' onClick='toggleBox("stack-trace357323886", this, "Click to show all stack frames", "Click to hide stack frames")'>Click to show all stack frames</a>
<div class='stack-trace' id='stack-trace357323886'><pre>org.testng.TestNGException: 
Cannot inject @Test annotated Method [logo] with [class java.lang.String, class java.lang.String].
For more information on native dependency injection please refer to https://testng.org/doc/documentation-main.html#native-dependency-injection
	at org.testng.internal.Parameters.checkParameterTypes(Parameters.java:436)
	at org.testng.internal.Parameters.createParametersForMethod(Parameters.java:350)
	at org.testng.internal.Parameters.createParameters(Parameters.java:693)
	at org.testng.internal.Parameters.handleParameters(Parameters.java:879)
	at org.testng.internal.Parameters.handleParameters(Parameters.java:728)
	at org.testng.internal.invokers.ParameterHandler.handleParameters(ParameterHandler.java:72)
	at org.testng.internal.invokers.ParameterHandler.createParameters(ParameterHandler.java:51)
	at org.testng.internal.invokers.TestInvoker$MethodInvocationAgent.invoke(TestInvoker.java:911)
	at org.testng.internal.invokers.TestInvoker.invokeTestMethods(TestInvoker.java:200)
	at org.testng.internal.invokers.TestMethodWorker.invokeTestMethods(TestMethodWorker.java:148)
	at org.testng.internal.invokers.TestMethodWorker.run(TestMethodWorker.java:128)
	at java.base/java.util.concurrent.ThreadPoolExecutor.runWorker(ThreadPoolExecutor.java:1128)
	at java.base/java.util.concurrent.ThreadPoolExecutor$Worker.run(ThreadPoolExecutor.java:628)
	at java.base/java.lang.Thread.run(Thread.java:834)
</pre></div></td>
<td>0</td>
<td>TestNg.Assert@2dfaea86</td></tr>
<tr>
<td title='TestNg.Assert.f()'><b>f</b><br>Test class: TestNg.Assert</td>
<td><div><pre>org.testng.TestNGException: 
Parameter &apos;browser&apos; is required by @Test on method f but has not been marked @Optional or defined
in C:\Users\ADMIN\eclipse-workspace\Selenium\testng.xml
	at java.base/java.util.concurrent.ThreadPoolExecutor.runWorker(ThreadPoolExecutor.java:1128)
	at java.base/java.util.concurrent.ThreadPoolExecutor$Worker.run(ThreadPoolExecutor.java:628)
	at java.base/java.lang.Thread.run(Thread.java:834)
... Removed 11 stack frames</pre></div><a href='#' onClick='toggleBox("stack-trace1715217659", this, "Click to show all stack frames", "Click to hide stack frames")'>Click to show all stack frames</a>
<div class='stack-trace' id='stack-trace1715217659'><pre>org.testng.TestNGException: 
Parameter &apos;browser&apos; is required by @Test on method f but has not been marked @Optional or defined
in C:\Users\ADMIN\eclipse-workspace\Selenium\testng.xml
	at org.testng.internal.Parameters.createParams(Parameters.java:267)
	at org.testng.internal.Parameters.createParametersForMethod(Parameters.java:355)
	at org.testng.internal.Parameters.createParameters(Parameters.java:684)
	at org.testng.internal.Parameters.handleParameters(Parameters.java:879)
	at org.testng.internal.Parameters.handleParameters(Parameters.java:728)
	at org.testng.internal.invokers.ParameterHandler.handleParameters(ParameterHandler.java:72)
	at org.testng.internal.invokers.ParameterHandler.createParameters(ParameterHandler.java:51)
	at org.testng.internal.invokers.TestInvoker$MethodInvocationAgent.invoke(TestInvoker.java:911)
	at org.testng.internal.invokers.TestInvoker.invokeTestMethods(TestInvoker.java:200)
	at org.testng.internal.invokers.TestMethodWorker.invokeTestMethods(TestMethodWorker.java:148)
	at org.testng.internal.invokers.TestMethodWorker.run(TestMethodWorker.java:128)
	at java.base/java.util.concurrent.ThreadPoolExecutor.runWorker(ThreadPoolExecutor.java:1128)
	at java.base/java.util.concurrent.ThreadPoolExecutor$Worker.run(ThreadPoolExecutor.java:628)
	at java.base/java.lang.Thread.run(Thread.java:834)
</pre></div></td>
<td>0</td>
<td>TestNg.Assert@2dfaea86</td></tr>
<tr>
<td title='TestNg.Assert.PageTitle()'><b>PageTitle</b><br>Test class: TestNg.Assert</td>
<td><div><pre>org.testng.TestNGException: 
Cannot inject @Test annotated Method [PageTitle] with [class java.lang.String, class java.lang.String].
For more information on native dependency injection please refer to https://testng.org/doc/documentation-main.html#native-dependency-injection
	at java.base/java.util.concurrent.ThreadPoolExecutor.runWorker(ThreadPoolExecutor.java:1128)
	at java.base/java.util.concurrent.ThreadPoolExecutor$Worker.run(ThreadPoolExecutor.java:628)
	at java.base/java.lang.Thread.run(Thread.java:834)
... Removed 11 stack frames</pre></div><a href='#' onClick='toggleBox("stack-trace989310523", this, "Click to show all stack frames", "Click to hide stack frames")'>Click to show all stack frames</a>
<div class='stack-trace' id='stack-trace989310523'><pre>org.testng.TestNGException: 
Cannot inject @Test annotated Method [PageTitle] with [class java.lang.String, class java.lang.String].
For more information on native dependency injection please refer to https://testng.org/doc/documentation-main.html#native-dependency-injection
	at org.testng.internal.Parameters.checkParameterTypes(Parameters.java:436)
	at org.testng.internal.Parameters.createParametersForMethod(Parameters.java:350)
	at org.testng.internal.Parameters.createParameters(Parameters.java:693)
	at org.testng.internal.Parameters.handleParameters(Parameters.java:879)
	at org.testng.internal.Parameters.handleParameters(Parameters.java:728)
	at org.testng.internal.invokers.ParameterHandler.handleParameters(ParameterHandler.java:72)
	at org.testng.internal.invokers.ParameterHandler.createParameters(ParameterHandler.java:51)
	at org.testng.internal.invokers.TestInvoker$MethodInvocationAgent.invoke(TestInvoker.java:911)
	at org.testng.internal.invokers.TestInvoker.invokeTestMethods(TestInvoker.java:200)
	at org.testng.internal.invokers.TestMethodWorker.invokeTestMethods(TestMethodWorker.java:148)
	at org.testng.internal.invokers.TestMethodWorker.run(TestMethodWorker.java:128)
	at java.base/java.util.concurrent.ThreadPoolExecutor.runWorker(ThreadPoolExecutor.java:1128)
	at java.base/java.util.concurrent.ThreadPoolExecutor$Worker.run(ThreadPoolExecutor.java:628)
	at java.base/java.lang.Thread.run(Thread.java:834)
</pre></div></td>
<td>0</td>
<td>TestNg.Assert@2dfaea86</td></tr>
<tr>
<td title='TestNg.Mytest.asserTion()'><b>asserTion</b><br>Test class: TestNg.Mytest</td>
<td><div><pre>java.lang.NullPointerException
	at TestNg.Mytest.asserTion(Mytest.java:31)
	at java.base/java.util.concurrent.ThreadPoolExecutor.runWorker(ThreadPoolExecutor.java:1128)
	at java.base/java.util.concurrent.ThreadPoolExecutor$Worker.run(ThreadPoolExecutor.java:628)
	at java.base/java.lang.Thread.run(Thread.java:834)
... Removed 12 stack frames</pre></div><a href='#' onClick='toggleBox("stack-trace305029682", this, "Click to show all stack frames", "Click to hide stack frames")'>Click to show all stack frames</a>
<div class='stack-trace' id='stack-trace305029682'><pre>java.lang.NullPointerException
	at TestNg.Mytest.asserTion(Mytest.java:31)
	at java.base/jdk.internal.reflect.NativeMethodAccessorImpl.invoke0(Native Method)
	at java.base/jdk.internal.reflect.NativeMethodAccessorImpl.invoke(NativeMethodAccessorImpl.java:62)
	at java.base/jdk.internal.reflect.DelegatingMethodAccessorImpl.invoke(DelegatingMethodAccessorImpl.java:43)
	at java.base/java.lang.reflect.Method.invoke(Method.java:566)
	at org.testng.internal.invokers.MethodInvocationHelper.invokeMethod(MethodInvocationHelper.java:139)
	at org.testng.internal.invokers.TestInvoker.invokeMethod(TestInvoker.java:664)
	at org.testng.internal.invokers.TestInvoker.invokeTestMethod(TestInvoker.java:227)
	at org.testng.internal.invokers.MethodRunner.runInSequence(MethodRunner.java:50)
	at org.testng.internal.invokers.TestInvoker$MethodInvocationAgent.invoke(TestInvoker.java:957)
	at org.testng.internal.invokers.TestInvoker.invokeTestMethods(TestInvoker.java:200)
	at org.testng.internal.invokers.TestMethodWorker.invokeTestMethods(TestMethodWorker.java:148)
	at org.testng.internal.invokers.TestMethodWorker.run(TestMethodWorker.java:128)
	at java.base/java.util.concurrent.ThreadPoolExecutor.runWorker(ThreadPoolExecutor.java:1128)
	at java.base/java.util.concurrent.ThreadPoolExecutor$Worker.run(ThreadPoolExecutor.java:628)
	at java.base/java.lang.Thread.run(Thread.java:834)
</pre></div></td>
<td>0</td>
<td>TestNg.Mytest@6a8658ff</td></tr>
<tr>
<td title='TestNg.Dependency.startCarr()'><b>startCarr</b><br>Test class: TestNg.Dependency</td>
<td><div><pre>java.lang.AssertionError: null
	at TestNg.Dependency.startCarr(Dependency.java:14)
	at java.base/java.util.concurrent.ThreadPoolExecutor.runWorker(ThreadPoolExecutor.java:1128)
	at java.base/java.util.concurrent.ThreadPoolExecutor$Worker.run(ThreadPoolExecutor.java:628)
	at java.base/java.lang.Thread.run(Thread.java:834)
... Removed 14 stack frames</pre></div><a href='#' onClick='toggleBox("stack-trace1645248814", this, "Click to show all stack frames", "Click to hide stack frames")'>Click to show all stack frames</a>
<div class='stack-trace' id='stack-trace1645248814'><pre>java.lang.AssertionError: null
	at org.testng.Assert.fail(Assert.java:111)
	at org.testng.Assert.fail(Assert.java:116)
	at TestNg.Dependency.startCarr(Dependency.java:14)
	at java.base/jdk.internal.reflect.NativeMethodAccessorImpl.invoke0(Native Method)
	at java.base/jdk.internal.reflect.NativeMethodAccessorImpl.invoke(NativeMethodAccessorImpl.java:62)
	at java.base/jdk.internal.reflect.DelegatingMethodAccessorImpl.invoke(DelegatingMethodAccessorImpl.java:43)
	at java.base/java.lang.reflect.Method.invoke(Method.java:566)
	at org.testng.internal.invokers.MethodInvocationHelper.invokeMethod(MethodInvocationHelper.java:139)
	at org.testng.internal.invokers.TestInvoker.invokeMethod(TestInvoker.java:664)
	at org.testng.internal.invokers.TestInvoker.invokeTestMethod(TestInvoker.java:227)
	at org.testng.internal.invokers.MethodRunner.runInSequence(MethodRunner.java:50)
	at org.testng.internal.invokers.TestInvoker$MethodInvocationAgent.invoke(TestInvoker.java:957)
	at org.testng.internal.invokers.TestInvoker.invokeTestMethods(TestInvoker.java:200)
	at org.testng.internal.invokers.TestMethodWorker.invokeTestMethods(TestMethodWorker.java:148)
	at org.testng.internal.invokers.TestMethodWorker.run(TestMethodWorker.java:128)
	at java.base/java.util.concurrent.ThreadPoolExecutor.runWorker(ThreadPoolExecutor.java:1128)
	at java.base/java.util.concurrent.ThreadPoolExecutor$Worker.run(ThreadPoolExecutor.java:628)
	at java.base/java.lang.Thread.run(Thread.java:834)
</pre></div></td>
<td>0</td>
<td>TestNg.Dependency@d554c5f</td></tr>
</table><p>
<table width='100%' border='1' class='invocation-passed'>
<tr><td colspan='4' align='center'><b>PASSED TESTS</b></td></tr>
<tr><td><b>Test method</b></td>
<td><b>Attribute(s)</b></td>
<td width="30%"><b>Exception</b></td>
<td width="10%"><b>Time (seconds)</b></td>
<td><b>Instance</b></td>
</tr>
<tr>
<td title='TestNg.Param.get()'><b>get</b><br>Test class: TestNg.Param</td>
<td></td>
<td>0</td>
<td>TestNg.Param@15888343</td></tr>
<tr>
<td title='TestNg.Dependency.parkCar()'><b>parkCar</b><br>Test class: TestNg.Dependency</td>
<td></td>
<td>0</td>
<td>TestNg.Dependency@d554c5f</td></tr>
<tr>
<td title='TestNg.Assertion.login()'><b>login</b><br>Test class: TestNg.Assertion</td>
<td></td>
<td>6</td>
<td>TestNg.Assertion@6e2829c7</td></tr>
<tr>
<td title='TestNg.Group.Integration()'><b>Integration</b><br>Test class: TestNg.Group</td>
<td></td>
<td>0</td>
<td>TestNg.Group@2a693f59</td></tr>
<tr>
<td title='TestNg.alwaysRun1.get()'><b>get</b><br>Test class: TestNg.alwaysRun1</td>
<td></td>
<td>0</td>
<td>TestNg.alwaysRun1@14fc5f04</td></tr>
<tr>
<td title='TestNg.Before_Method.get()'><b>get</b><br>Test class: TestNg.Before_Method</td>
<td></td>
<td>0</td>
<td>TestNg.Before_Method@4b8d604b</td></tr>
<tr>
<td title='TestNg.test1.f()'><b>f</b><br>Test class: TestNg.test1</td>
<td></td>
<td>0</td>
<td>TestNg.test1@3feb2dda</td></tr>
<tr>
<td title='TestNg.Param.show()'><b>show</b><br>Test class: TestNg.Param</td>
<td></td>
<td>0</td>
<td>TestNg.Param@15888343</td></tr>
<tr>
<td title='TestNg.Before_Method.demo()'><b>demo</b><br>Test class: TestNg.Before_Method</td>
<td></td>
<td>0</td>
<td>TestNg.Before_Method@4b8d604b</td></tr>
<tr>
<td title='TestNg.Groups_B.get()'><b>get</b><br>Test class: TestNg.Groups_B</td>
<td></td>
<td>0</td>
<td>TestNg.Groups_B@4a003cbe</td></tr>
<tr>
<td title='TestNg.test1.get()'><b>get</b><br>Test class: TestNg.test1</td>
<td></td>
<td>0</td>
<td>TestNg.test1@3feb2dda</td></tr>
<tr>
<td title='TestNg.Demo.get()'><b>get</b><br>Test class: TestNg.Demo</td>
<td></td>
<td>0</td>
<td>TestNg.Demo@433defed</td></tr>
<tr>
<td title='TestNg.dataPro.data1()'><b>data1</b><br>Test class: TestNg.dataPro<br>Parameters: test@gmail.com, fdfafa</td>
<td></td>
<td>0</td>
<td>TestNg.dataPro@33ecda92</td></tr>
<tr>
<td title='TestNg.test1.show()'><b>show</b><br>Test class: TestNg.test1</td>
<td></td>
<td>0</td>
<td>TestNg.test1@3feb2dda</td></tr>
<tr>
<td title='TestNg.alwaysRun1.put()'><b>put</b><br>Test class: TestNg.alwaysRun1</td>
<td></td>
<td>0</td>
<td>TestNg.alwaysRun1@14fc5f04</td></tr>
<tr>
<td title='TestNg.Groups_B.show()'><b>show</b><br>Test class: TestNg.Groups_B</td>
<td></td>
<td>0</td>
<td>TestNg.Groups_B@4a003cbe</td></tr>
<tr>
<td title='TestNg.dataPro.data1()'><b>data1</b><br>Test class: TestNg.dataPro<br>Parameters: yoges@gmail.com, fsfgsgg</td>
<td></td>
<td>0</td>
<td>TestNg.dataPro@33ecda92</td></tr>
<tr>
<td title='TestNg.Demo.f()'><b>f</b><br>Test class: TestNg.Demo</td>
<td></td>
<td>0</td>
<td>TestNg.Demo@433defed</td></tr>
<tr>
<td title='TestNg.alwaysRun1.f()'><b>f</b><br>Test class: TestNg.alwaysRun1</td>
<td></td>
<td>0</td>
<td>TestNg.alwaysRun1@14fc5f04</td></tr>
<tr>
<td title='TestNg.Group.Smoke()'><b>Smoke</b><br>Test class: TestNg.Group</td>
<td></td>
<td>0</td>
<td>TestNg.Group@2a693f59</td></tr>
<tr>
<td title='TestNg.Group.Sanity()'><b>Sanity</b><br>Test class: TestNg.Group</td>
<td></td>
<td>0</td>
<td>TestNg.Group@2a693f59</td></tr>
<tr>
<td title='TestNg.Dependency.stopCar()'><b>stopCar</b><br>Test class: TestNg.Dependency</td>
<td></td>
<td>0</td>
<td>TestNg.Dependency@d554c5f</td></tr>
<tr>
<td title='TestNg.Param.f()'><b>f</b><br>Test class: TestNg.Param</td>
<td></td>
<td>0</td>
<td>TestNg.Param@15888343</td></tr>
<tr>
<td title='TestNg.dataPro.data1()'><b>data1</b><br>Test class: TestNg.dataPro<br>Parameters: Test@gmail.com, fdsdfsd</td>
<td></td>
<td>0</td>
<td>TestNg.dataPro@33ecda92</td></tr>
</table><p>
<table width='100%' border='1' class='invocation-skipped'>
<tr><td colspan='4' align='center'><b>SKIPPED TESTS</b></td></tr>
<tr><td><b>Test method</b></td>
<td><b>Attribute(s)</b></td>
<td width="30%"><b>Exception</b></td>
<td width="10%"><b>Time (seconds)</b></td>
<td><b>Instance</b></td>
</tr>
<tr>
<td title='TestNg.Dependency.driverCar()'><b>driverCar</b><br>Test class: TestNg.Dependency</td>
<td><div><pre>java.lang.Throwable: Method TestNg.Dependency.driverCar() on instance TestNg.Dependency@d554c5f depends on not successfully finished methods 
[TestNg.Dependency.parkCar() on instance TestNg.Dependency@d554c5f
TestNg.Dependency.startCarr() on instance TestNg.Dependency@d554c5f]
	at java.base/java.util.concurrent.ThreadPoolExecutor.runWorker(ThreadPoolExecutor.java:1128)
	at java.base/java.util.concurrent.ThreadPoolExecutor$Worker.run(ThreadPoolExecutor.java:628)
	at java.base/java.lang.Thread.run(Thread.java:834)
... Removed 3 stack frames</pre></div><a href='#' onClick='toggleBox("stack-trace41418180", this, "Click to show all stack frames", "Click to hide stack frames")'>Click to show all stack frames</a>
<div class='stack-trace' id='stack-trace41418180'><pre>java.lang.Throwable: Method TestNg.Dependency.driverCar() on instance TestNg.Dependency@d554c5f depends on not successfully finished methods 
[TestNg.Dependency.parkCar() on instance TestNg.Dependency@d554c5f
TestNg.Dependency.startCarr() on instance TestNg.Dependency@d554c5f]
	at org.testng.internal.invokers.TestInvoker.invokeTestMethods(TestInvoker.java:156)
	at org.testng.internal.invokers.TestMethodWorker.invokeTestMethods(TestMethodWorker.java:148)
	at org.testng.internal.invokers.TestMethodWorker.run(TestMethodWorker.java:128)
	at java.base/java.util.concurrent.ThreadPoolExecutor.runWorker(ThreadPoolExecutor.java:1128)
	at java.base/java.util.concurrent.ThreadPoolExecutor$Worker.run(ThreadPoolExecutor.java:628)
	at java.base/java.lang.Thread.run(Thread.java:834)
</pre></div></td>
<td>0</td>
<td>TestNg.Dependency@d554c5f</td></tr>
</table><p>
</body>
</html>