<?xml version="1.0" encoding="UTF-8"?>
<!-- Generated by org.testng.reporters.JUnitXMLReporter -->
<testsuite ignored="0" hostname="DESKTOP-88838KS" failures="5" tests="30" name="Test" time="11.593" errors="0" timestamp="2023-09-30T02:47:52 IST">
  <testcase classname="TestNg.Group" name="Integration" time="0.015"/>
  <testcase classname="TestNg.Group" name="Sanity" time="0.004"/>
  <testcase classname="TestNg.Group" name="Smoke" time="0.004"/>
  <testcase classname="TestNg.Assert" name="PageTitle" time="0.0">
    <failure type="org.testng.TestNGException" message="
Cannot inject @Test annotated Method [PageTitle] with [class java.lang.String, class java.lang.String].
For more information on native dependency injection please refer to https://testng.org/doc/documentation-main.html#native-dependency-injection">
      <![CDATA[org.testng.TestNGException: 
Cannot inject @Test annotated Method [PageTitle] with [class java.lang.String, class java.lang.String].
For more information on native dependency injection please refer to https://testng.org/doc/documentation-main.html#native-dependency-injection
at java.base/java.util.concurrent.ThreadPoolExecutor.runWorker(ThreadPoolExecutor.java:1128)
at java.base/java.util.concurrent.ThreadPoolExecutor$Worker.run(ThreadPoolExecutor.java:628)
at java.base/java.lang.Thread.run(Thread.java:834)
... Removed 11 stack frames]]>
    </failure>
  </testcase> <!-- PageTitle -->
  <testcase classname="TestNg.Assert" name="f" time="0.0">
    <failure type="org.testng.TestNGException" message="
Parameter &amp;apos;browser&amp;apos; is required by @Test on method f but has not been marked @Optional or defined
in C:\Users\ADMIN\eclipse-workspace\Selenium\testng.xml">
      <![CDATA[org.testng.TestNGException: 
Parameter 'browser' is required by @Test on method f but has not been marked @Optional or defined
in C:\Users\ADMIN\eclipse-workspace\Selenium\testng.xml
at java.base/java.util.concurrent.ThreadPoolExecutor.runWorker(ThreadPoolExecutor.java:1128)
at java.base/java.util.concurrent.ThreadPoolExecutor$Worker.run(ThreadPoolExecutor.java:628)
at java.base/java.lang.Thread.run(Thread.java:834)
... Removed 11 stack frames]]>
    </failure>
  </testcase> <!-- f -->
  <testcase classname="TestNg.Assert" name="logo" time="0.0">
    <failure type="org.testng.TestNGException" message="
Cannot inject @Test annotated Method [logo] with [class java.lang.String, class java.lang.String].
For more information on native dependency injection please refer to https://testng.org/doc/documentation-main.html#native-dependency-injection">
      <![CDATA[org.testng.TestNGException: 
Cannot inject @Test annotated Method [logo] with [class java.lang.String, class java.lang.String].
For more information on native dependency injection please refer to https://testng.org/doc/documentation-main.html#native-dependency-injection
at java.base/java.util.concurrent.ThreadPoolExecutor.runWorker(ThreadPoolExecutor.java:1128)
at java.base/java.util.concurrent.ThreadPoolExecutor$Worker.run(ThreadPoolExecutor.java:628)
at java.base/java.lang.Thread.run(Thread.java:834)
... Removed 11 stack frames]]>
    </failure>
  </testcase> <!-- logo -->
  <testcase classname="TestNg.Mytest" name="asserTion" time="0.003">
    <failure type="java.lang.NullPointerException">
      <![CDATA[java.lang.NullPointerException
at TestNg.Mytest.asserTion(Mytest.java:31)
at java.base/java.util.concurrent.ThreadPoolExecutor.runWorker(ThreadPoolExecutor.java:1128)
at java.base/java.util.concurrent.ThreadPoolExecutor$Worker.run(ThreadPoolExecutor.java:628)
at java.base/java.lang.Thread.run(Thread.java:834)
... Removed 12 stack frames]]>
    </failure>
  </testcase> <!-- asserTion -->
  <testcase classname="TestNg.dataPro" name="data1" time="0.003"/>
  <testcase classname="TestNg.dataPro" name="data1" time="0.009"/>
  <testcase classname="TestNg.dataPro" name="data1" time="0.004"/>
  <testcase classname="TestNg.Before_Method" name="demo" time="0.002"/>
  <testcase classname="TestNg.Before_Method" name="get" time="0.002"/>
  <testcase classname="TestNg.Demo" name="f" time="0.005"/>
  <testcase classname="TestNg.Demo" name="get" time="0.004"/>
  <testcase classname="TestNg.alwaysRun1" name="f" time="0.004"/>
  <testcase classname="TestNg.Groups_B" name="get" time="0.002"/>
  <testcase classname="TestNg.Groups_B" name="show" time="0.004"/>
  <testcase classname="TestNg.Assertion" name="login" time="6.325"/>
  <testcase classname="TestNg.Dependency" name="parkCar" time="0.002"/>
  <testcase classname="TestNg.Dependency" name="startCarr" time="0.007">
    <failure type="java.lang.AssertionError" message="null">
      <![CDATA[java.lang.AssertionError: null
at TestNg.Dependency.startCarr(Dependency.java:14)
at java.base/java.util.concurrent.ThreadPoolExecutor.runWorker(ThreadPoolExecutor.java:1128)
at java.base/java.util.concurrent.ThreadPoolExecutor$Worker.run(ThreadPoolExecutor.java:628)
at java.base/java.lang.Thread.run(Thread.java:834)
... Removed 14 stack frames]]>
    </failure>
  </testcase> <!-- startCarr -->
  <testcase classname="TestNg.Dependency" name="stopCar" time="0.002"/>
  <testcase classname="TestNg.Dependency" name="driverCar" time="0.001">
    <skipped/>
  </testcase> <!-- driverCar -->
  <testcase classname="TestNg.alwaysRun1" name="put" time="0.016"/>
  <testcase classname="TestNg.alwaysRun1" name="get" time="0.002"/>
  <testcase classname="TestNg.test1" name="f" time="0.002"/>
  <testcase classname="TestNg.test1" name="get" time="0.005"/>
  <testcase classname="TestNg.test1" name="show" time="0.001"/>
  <testcase classname="TestNg.Param" name="f" time="0.001"/>
  <testcase classname="TestNg.Param" name="get" time="0.006"/>
  <testcase classname="TestNg.Param" name="show" time="0.001"/>
</testsuite> <!-- Test -->
